0 info it worked if it ends with ok
1 verbose cli [ '/Users/david/.nvm/versions/node/v4.2.2/bin/node',
1 verbose cli   '/Users/david/.nvm/versions/node/v4.2.2/bin/npm',
1 verbose cli   'run',
1 verbose cli   'test:acceptance' ]
2 info using npm@3.7.3
3 info using node@v4.2.2
4 verbose run-script [ 'pretest:acceptance',
4 verbose run-script   'test:acceptance',
4 verbose run-script   'posttest:acceptance' ]
5 info lifecycle EVW-Self-Serve@1.0.0~pretest:acceptance: EVW-Self-Serve@1.0.0
6 silly lifecycle EVW-Self-Serve@1.0.0~pretest:acceptance: no script for pretest:acceptance, continuing
7 info lifecycle EVW-Self-Serve@1.0.0~test:acceptance: EVW-Self-Serve@1.0.0
8 verbose lifecycle EVW-Self-Serve@1.0.0~test:acceptance: unsafe-perm in lifecycle true
9 verbose lifecycle EVW-Self-Serve@1.0.0~test:acceptance: PATH: /Users/david/.nvm/versions/node/v4.2.2/lib/node_modules/npm/bin/node-gyp-bin:/Users/david/X-Designs/Projects/evw/evw-self-serve/node_modules/.bin:/Users/david/.nvm/versions/node/v4.2.2/bin:/Users/david/.nvm/versions/node/v4.2.2/bin:~/bin:/usr/local/bin:/usr/local/mysql/bin:/Library/PostgreSQL/9.4/bin:/usr/local/bin:/usr/bin:/bin:/usr/sbin:/sbin:/usr/local/git/bin
10 verbose lifecycle EVW-Self-Serve@1.0.0~test:acceptance: CWD: /Users/david/X-Designs/Projects/evw/evw-self-serve
11 silly lifecycle EVW-Self-Serve@1.0.0~test:acceptance: Args: [ '-c', 'nightwatch -e default' ]
12 silly lifecycle EVW-Self-Serve@1.0.0~test:acceptance: Returned: code: 2  signal: null
13 info lifecycle EVW-Self-Serve@1.0.0~test:acceptance: Failed to exec test:acceptance script
14 verbose stack Error: EVW-Self-Serve@1.0.0 test:acceptance: `nightwatch -e default`
14 verbose stack Exit status 2
14 verbose stack     at EventEmitter.<anonymous> (/Users/david/.nvm/versions/node/v4.2.2/lib/node_modules/npm/lib/utils/lifecycle.js:239:16)
14 verbose stack     at emitTwo (events.js:87:13)
14 verbose stack     at EventEmitter.emit (events.js:172:7)
14 verbose stack     at ChildProcess.<anonymous> (/Users/david/.nvm/versions/node/v4.2.2/lib/node_modules/npm/lib/utils/spawn.js:24:14)
14 verbose stack     at emitTwo (events.js:87:13)
14 verbose stack     at ChildProcess.emit (events.js:172:7)
14 verbose stack     at maybeClose (internal/child_process.js:818:16)
14 verbose stack     at Process.ChildProcess._handle.onexit (internal/child_process.js:211:5)
15 verbose pkgid EVW-Self-Serve@1.0.0
16 verbose cwd /Users/david/X-Designs/Projects/evw/evw-self-serve
17 error Darwin 15.5.0
18 error argv "/Users/david/.nvm/versions/node/v4.2.2/bin/node" "/Users/david/.nvm/versions/node/v4.2.2/bin/npm" "run" "test:acceptance"
19 error node v4.2.2
20 error npm  v3.7.3
21 error code ELIFECYCLE
22 error EVW-Self-Serve@1.0.0 test:acceptance: `nightwatch -e default`
22 error Exit status 2
23 error Failed at the EVW-Self-Serve@1.0.0 test:acceptance script 'nightwatch -e default'.
23 error Make sure you have the latest version of node.js and npm installed.
23 error If you do, this is most likely a problem with the EVW-Self-Serve package,
23 error not with npm itself.
23 error Tell the author that this fails on your system:
23 error     nightwatch -e default
23 error You can get information on how to open an issue for this project with:
23 error     npm bugs EVW-Self-Serve
23 error Or if that isn't available, you can get their info via:
23 error     npm owner ls EVW-Self-Serve
23 error There is likely additional logging output above.
24 verbose exit [ 1, true ]
